# JRE version: OpenJDK Runtime Environment (8.0_152-b01) (build 1.8.0_152-release-1248-b01)
# Java VM: OpenJDK 64-Bit Server VM (25.152-b01 mixed mode windows-amd64 compressed oops)
Heap:
 PSYoungGen      total 174592K, used 119117K [0x00000000e0000000, 0x00000000ebd80000, 0x0000000100000000)
  eden space 164352K, 66% used [0x00000000e0000000,0x00000000e6b349a0,0x00000000ea080000)
  from space 10240K, 91% used [0x00000000eb380000,0x00000000ebc9ea88,0x00000000ebd80000)
  to   space 14848K, 0% used [0x00000000ea080000,0x00000000ea080000,0x00000000eaf00000)
 ParOldGen       total 136192K, used 31633K [0x00000000a0000000, 0x00000000a8500000, 0x00000000e0000000)
  object space 136192K, 23% used [0x00000000a0000000,0x00000000a1ee4620,0x00000000a8500000)
 Metaspace       used 67795K, capacity 70022K, committed 70192K, reserved 1110016K
  class space    used 8939K, capacity 9444K, committed 9520K, reserved 1048576K
GC Heap History (10 events):
Event: 23.524 GC heap before
{Heap before GC invocations=13 (full 2):
 PSYoungGen      total 122368K, used 122346K [0x00000000e0000000, 0x00000000e8c00000, 0x0000000100000000)
  eden space 111616K, 100% used [0x00000000e0000000,0x00000000e6d00000,0x00000000e6d00000)
  from space 10752K, 99% used [0x00000000e8180000,0x00000000e8bfab38,0x00000000e8c00000)
  to   space 12800K, 0% used [0x00000000e7300000,0x00000000e7300000,0x00000000e7f80000)
 ParOldGen       total 91136K, used 17939K [0x00000000a0000000, 0x00000000a5900000, 0x00000000e0000000)
  object space 91136K, 19% used [0x00000000a0000000,0x00000000a1184ec8,0x00000000a5900000)
 Metaspace       used 53085K, capacity 54146K, committed 54448K, reserved 1095680K
  class space    used 7167K, capacity 7492K, committed 7600K, reserved 1048576K
Event: 23.555 GC heap after
Heap after GC invocations=13 (full 2):
 PSYoungGen      total 130560K, used 11757K [0x00000000e0000000, 0x00000000ea800000, 0x0000000100000000)
  eden space 117760K, 0% used [0x00000000e0000000,0x00000000e0000000,0x00000000e7300000)
  from space 12800K, 91% used [0x00000000e7300000,0x00000000e7e7b6d0,0x00000000e7f80000)
  to   space 14336K, 0% used [0x00000000e9a00000,0x00000000e9a00000,0x00000000ea800000)
 ParOldGen       total 91136K, used 25546K [0x00000000a0000000, 0x00000000a5900000, 0x00000000e0000000)
  object space 91136K, 28% used [0x00000000a0000000,0x00000000a18f2870,0x00000000a5900000)
 Metaspace       used 53085K, capacity 54146K, committed 54448K, reserved 1095680K
  class space    used 7167K, capacity 7492K, committed 7600K, reserved 1048576K
}
Event: 25.628 GC heap before
{Heap before GC invocations=14 (full 2):
 PSYoungGen      total 130560K, used 75831K [0x00000000e0000000, 0x00000000ea800000, 0x0000000100000000)
  eden space 117760K, 54% used [0x00000000e0000000,0x00000000e3e926c0,0x00000000e7300000)
  from space 12800K, 91% used [0x00000000e7300000,0x00000000e7e7b6d0,0x00000000e7f80000)
  to   space 14336K, 0% used [0x00000000e9a00000,0x00000000e9a00000,0x00000000ea800000)
 ParOldGen       total 91136K, used 25546K [0x00000000a0000000, 0x00000000a5900000, 0x00000000e0000000)
  object space 91136K, 28% used [0x00000000a0000000,0x00000000a18f2870,0x00000000a5900000)
 Metaspace       used 57574K, capacity 58998K, committed 59160K, reserved 1099776K
  class space    used 7863K, capacity 8250K, committed 8368K, reserved 1048576K
Event: 25.655 GC heap after
Heap after GC invocations=14 (full 2):
 PSYoungGen      total 157184K, used 10842K [0x00000000e0000000, 0x00000000eb000000, 0x0000000100000000)
  eden space 142848K, 0% used [0x00000000e0000000,0x00000000e0000000,0x00000000e8b80000)
  from space 14336K, 75% used [0x00000000e9a00000,0x00000000ea496a10,0x00000000ea800000)
  to   space 14848K, 0% used [0x00000000e8b80000,0x00000000e8b80000,0x00000000e9a00000)
 ParOldGen       total 91136K, used 25554K [0x00000000a0000000, 0x00000000a5900000, 0x00000000e0000000)
  object space 91136K, 28% used [0x00000000a0000000,0x00000000a18f4870,0x00000000a5900000)
 Metaspace       used 57574K, capacity 58998K, committed 59160K, reserved 1099776K
  class space    used 7863K, capacity 8250K, committed 8368K, reserved 1048576K
}
Event: 25.656 GC heap before
{Heap before GC invocations=15 (full 3):
 PSYoungGen      total 157184K, used 10842K [0x00000000e0000000, 0x00000000eb000000, 0x0000000100000000)
  eden space 142848K, 0% used [0x00000000e0000000,0x00000000e0000000,0x00000000e8b80000)
  from space 14336K, 75% used [0x00000000e9a00000,0x00000000ea496a10,0x00000000ea800000)
  to   space 14848K, 0% used [0x00000000e8b80000,0x00000000e8b80000,0x00000000e9a00000)
 ParOldGen       total 91136K, used 25554K [0x00000000a0000000, 0x00000000a5900000, 0x00000000e0000000)
  object space 91136K, 28% used [0x00000000a0000000,0x00000000a18f4870,0x00000000a5900000)
 Metaspace       used 57574K, capacity 58998K, committed 59160K, reserved 1099776K
  class space    used 7863K, capacity 8250K, committed 8368K, reserved 1048576K
Event: 26.036 GC heap after
Heap after GC invocations=15 (full 3):
 PSYoungGen      total 157184K, used 0K [0x00000000e0000000, 0x00000000eb000000, 0x0000000100000000)
  eden space 142848K, 0% used [0x00000000e0000000,0x00000000e0000000,0x00000000e8b80000)
  from space 14336K, 0% used [0x00000000e9a00000,0x00000000e9a00000,0x00000000ea800000)
  to   space 14848K, 0% used [0x00000000e8b80000,0x00000000e8b80000,0x00000000e9a00000)
 ParOldGen       total 136192K, used 31617K [0x00000000a0000000, 0x00000000a8500000, 0x00000000e0000000)
  object space 136192K, 23% used [0x00000000a0000000,0x00000000a1ee0620,0x00000000a8500000)
 Metaspace       used 57574K, capacity 58998K, committed 59160K, reserved 1099776K
  class space    used 7863K, capacity 8250K, committed 8368K, reserved 1048576K
}
Event: 135.897 GC heap before
{Heap before GC invocations=16 (full 3):
 PSYoungGen      total 157184K, used 142848K [0x00000000e0000000, 0x00000000eb000000, 0x0000000100000000)
  eden space 142848K, 100% used [0x00000000e0000000,0x00000000e8b80000,0x00000000e8b80000)
  from space 14336K, 0% used [0x00000000e9a00000,0x00000000e9a00000,0x00000000ea800000)
  to   space 14848K, 0% used [0x00000000e8b80000,0x00000000e8b80000,0x00000000e9a00000)
 ParOldGen       total 136192K, used 31617K [0x00000000a0000000, 0x00000000a8500000, 0x00000000e0000000)
  object space 136192K, 23% used [0x00000000a0000000,0x00000000a1ee0620,0x00000000a8500000)
 Metaspace       used 63015K, capacity 64752K, committed 64944K, reserved 1105920K
  class space    used 8419K, capacity 8849K, committed 8880K, reserved 1048576K
Event: 135.923 GC heap after
Heap after GC invocations=16 (full 3):
 PSYoungGen      total 157696K, used 10825K [0x00000000e0000000, 0x00000000ec200000, 0x0000000100000000)
  eden space 142848K, 0% used [0x00000000e0000000,0x00000000e0000000,0x00000000e8b80000)
  from space 14848K, 72% used [0x00000000e8b80000,0x00000000e9612428,0x00000000e9a00000)
  to   space 14848K, 0% used [0x00000000eb380000,0x00000000eb380000,0x00000000ec200000)
 ParOldGen       total 136192K, used 31625K [0x00000000a0000000, 0x00000000a8500000, 0x00000000e0000000)
  object space 136192K, 23% used [0x00000000a0000000,0x00000000a1ee2620,0x00000000a8500000)
 Metaspace       used 63015K, capacity 64752K, committed 64944K, reserved 1105920K
  class space    used 8419K, capacity 8849K, committed 8880K, reserved 1048576K
}
Event: 227.010 GC heap before
{Heap before GC invocations=17 (full 3):
 PSYoungGen      total 157696K, used 153673K [0x00000000e0000000, 0x00000000ec200000, 0x0000000100000000)
  eden space 142848K, 100% used [0x00000000e0000000,0x00000000e8b80000,0x00000000e8b80000)
  from space 14848K, 72% used [0x00000000e8b80000,0x00000000e9612428,0x00000000e9a00000)
  to   space 14848K, 0% used [0x00000000eb380000,0x00000000eb380000,0x00000000ec200000)
 ParOldGen       total 136192K, used 31625K [0x00000000a0000000, 0x00000000a8500000, 0x00000000e0000000)
  object space 136192K, 23% used [0x00000000a0000000,0x00000000a1ee2620,0x00000000a8500000)
 Metaspace       used 67131K, capacity 69182K, committed 69424K, reserved 1110016K
  class space    used 8916K, capacity 9402K, committed 9520K, reserved 1048576K
Event: 227.037 GC heap after
Heap after GC invocations=17 (full 3):
 PSYoungGen      total 174592K, used 9338K [0x00000000e0000000, 0x00000000ebd80000, 0x0000000100000000)
  eden space 164352K, 0% used [0x00000000e0000000,0x00000000e0000000,0x00000000ea080000)
  from space 10240K, 91% used [0x00000000eb380000,0x00000000ebc9ea88,0x00000000ebd80000)
  to   space 14848K, 0% used [0x00000000ea080000,0x00000000ea080000,0x00000000eaf00000)
 ParOldGen       total 136192K, used 31633K [0x00000000a0000000, 0x00000000a8500000, 0x00000000e0000000)
  object space 136192K, 23% used [0x00000000a0000000,0x00000000a1ee4620,0x00000000a8500000)
 Metaspace       used 67131K, capacity 69182K, committed 69424K, reserved 1110016K
  class space    used 8916K, capacity 9402K, committed 9520K, reserved 1048576K
}

