# JRE version: OpenJDK Runtime Environment (8.0_152-b01) (build 1.8.0_152-release-1248-b01)
# Java VM: OpenJDK 64-Bit Server VM (25.152-b01 mixed mode windows-amd64 compressed oops)
Heap:
 PSYoungGen      total 272896K, used 257734K [0x00000000e0000000, 0x00000000f4080000, 0x0000000100000000)
  eden space 247296K, 94% used [0x00000000e0000000,0x00000000ee32ebd8,0x00000000ef180000)
  from space 25600K, 98% used [0x00000000efa00000,0x00000000f1282fb0,0x00000000f1300000)
  to   space 40448K, 0% used [0x00000000f1900000,0x00000000f1900000,0x00000000f4080000)
 ParOldGen       total 146432K, used 56681K [0x00000000a0000000, 0x00000000a8f00000, 0x00000000e0000000)
  object space 146432K, 38% used [0x00000000a0000000,0x00000000a375a6e8,0x00000000a8f00000)
 Metaspace       used 86856K, capacity 90786K, committed 90920K, reserved 1128448K
  class space    used 11020K, capacity 11768K, committed 11824K, reserved 1048576K
GC Heap History (10 events):
Event: 111.325 GC heap before
{Heap before GC invocations=18 (full 3):
 PSYoungGen      total 262656K, used 253154K [0x00000000e0000000, 0x00000000f2a00000, 0x0000000100000000)
  eden space 230400K, 100% used [0x00000000e0000000,0x00000000ee100000,0x00000000ee100000)
  from space 32256K, 70% used [0x00000000f0200000,0x00000000f1838800,0x00000000f2180000)
  to   space 33792K, 0% used [0x00000000ee100000,0x00000000ee100000,0x00000000f0200000)
 ParOldGen       total 146432K, used 56649K [0x00000000a0000000, 0x00000000a8f00000, 0x00000000e0000000)
  object space 146432K, 38% used [0x00000000a0000000,0x00000000a37526e8,0x00000000a8f00000)
 Metaspace       used 82200K, capacity 85026K, committed 85160K, reserved 1122304K
  class space    used 10744K, capacity 11380K, committed 11440K, reserved 1048576K
Event: 111.381 GC heap after
Heap after GC invocations=18 (full 3):
 PSYoungGen      total 264192K, used 22497K [0x00000000e0000000, 0x00000000f5900000, 0x0000000100000000)
  eden space 230400K, 0% used [0x00000000e0000000,0x00000000e0000000,0x00000000ee100000)
  from space 33792K, 66% used [0x00000000ee100000,0x00000000ef6f8698,0x00000000f0200000)
  to   space 34816K, 0% used [0x00000000f3700000,0x00000000f3700000,0x00000000f5900000)
 ParOldGen       total 146432K, used 56657K [0x00000000a0000000, 0x00000000a8f00000, 0x00000000e0000000)
  object space 146432K, 38% used [0x00000000a0000000,0x00000000a37546e8,0x00000000a8f00000)
 Metaspace       used 82200K, capacity 85026K, committed 85160K, reserved 1122304K
  class space    used 10744K, capacity 11380K, committed 11440K, reserved 1048576K
}
Event: 324.120 GC heap before
{Heap before GC invocations=19 (full 3):
 PSYoungGen      total 264192K, used 252897K [0x00000000e0000000, 0x00000000f5900000, 0x0000000100000000)
  eden space 230400K, 100% used [0x00000000e0000000,0x00000000ee100000,0x00000000ee100000)
  from space 33792K, 66% used [0x00000000ee100000,0x00000000ef6f8698,0x00000000f0200000)
  to   space 34816K, 0% used [0x00000000f3700000,0x00000000f3700000,0x00000000f5900000)
 ParOldGen       total 146432K, used 56657K [0x00000000a0000000, 0x00000000a8f00000, 0x00000000e0000000)
  object space 146432K, 38% used [0x00000000a0000000,0x00000000a37546e8,0x00000000a8f00000)
 Metaspace       used 84283K, capacity 87384K, committed 87592K, reserved 1126400K
  class space    used 10828K, capacity 11477K, committed 11568K, reserved 1048576K
Event: 324.188 GC heap after
Heap after GC invocations=19 (full 3):
 PSYoungGen      total 306176K, used 26432K [0x00000000e0000000, 0x00000000f5580000, 0x0000000100000000)
  eden space 274944K, 0% used [0x00000000e0000000,0x00000000e0000000,0x00000000f0c80000)
  from space 31232K, 84% used [0x00000000f3700000,0x00000000f50d0060,0x00000000f5580000)
  to   space 37376K, 0% used [0x00000000f0c80000,0x00000000f0c80000,0x00000000f3100000)
 ParOldGen       total 146432K, used 56665K [0x00000000a0000000, 0x00000000a8f00000, 0x00000000e0000000)
  object space 146432K, 38% used [0x00000000a0000000,0x00000000a37566e8,0x00000000a8f00000)
 Metaspace       used 84283K, capacity 87384K, committed 87592K, reserved 1126400K
  class space    used 10828K, capacity 11477K, committed 11568K, reserved 1048576K
}
Event: 695.673 GC heap before
{Heap before GC invocations=20 (full 3):
 PSYoungGen      total 306176K, used 301376K [0x00000000e0000000, 0x00000000f5580000, 0x0000000100000000)
  eden space 274944K, 100% used [0x00000000e0000000,0x00000000f0c80000,0x00000000f0c80000)
  from space 31232K, 84% used [0x00000000f3700000,0x00000000f50d0060,0x00000000f5580000)
  to   space 37376K, 0% used [0x00000000f0c80000,0x00000000f0c80000,0x00000000f3100000)
 ParOldGen       total 146432K, used 56665K [0x00000000a0000000, 0x00000000a8f00000, 0x00000000e0000000)
  object space 146432K, 38% used [0x00000000a0000000,0x00000000a37566e8,0x00000000a8f00000)
 Metaspace       used 85329K, capacity 88620K, committed 89000K, reserved 1126400K
  class space    used 10908K, capacity 11569K, committed 11696K, reserved 1048576K
Event: 695.747 GC heap after
Heap after GC invocations=20 (full 3):
 PSYoungGen      total 292352K, used 26872K [0x00000000e0000000, 0x00000000f4f00000, 0x0000000100000000)
  eden space 265216K, 0% used [0x00000000e0000000,0x00000000e0000000,0x00000000f0300000)
  from space 27136K, 99% used [0x00000000f0c80000,0x00000000f26be230,0x00000000f2700000)
  to   space 38912K, 0% used [0x00000000f2900000,0x00000000f2900000,0x00000000f4f00000)
 ParOldGen       total 146432K, used 56673K [0x00000000a0000000, 0x00000000a8f00000, 0x00000000e0000000)
  object space 146432K, 38% used [0x00000000a0000000,0x00000000a37586e8,0x00000000a8f00000)
 Metaspace       used 85329K, capacity 88620K, committed 89000K, reserved 1126400K
  class space    used 10908K, capacity 11569K, committed 11696K, reserved 1048576K
}
Event: 815.561 GC heap before
{Heap before GC invocations=21 (full 3):
 PSYoungGen      total 292352K, used 292088K [0x00000000e0000000, 0x00000000f4f00000, 0x0000000100000000)
  eden space 265216K, 100% used [0x00000000e0000000,0x00000000f0300000,0x00000000f0300000)
  from space 27136K, 99% used [0x00000000f0c80000,0x00000000f26be230,0x00000000f2700000)
  to   space 38912K, 0% used [0x00000000f2900000,0x00000000f2900000,0x00000000f4f00000)
 ParOldGen       total 146432K, used 56673K [0x00000000a0000000, 0x00000000a8f00000, 0x00000000e0000000)
  object space 146432K, 38% used [0x00000000a0000000,0x00000000a37586e8,0x00000000a8f00000)
 Metaspace       used 86085K, capacity 89960K, committed 90152K, reserved 1128448K
  class space    used 10996K, capacity 11727K, committed 11824K, reserved 1048576K
Event: 815.655 GC heap after
Heap after GC invocations=21 (full 3):
 PSYoungGen      total 287744K, used 25413K [0x00000000e0000000, 0x00000000f4800000, 0x0000000100000000)
  eden space 256000K, 0% used [0x00000000e0000000,0x00000000e0000000,0x00000000efa00000)
  from space 31744K, 80% used [0x00000000f2900000,0x00000000f41d1650,0x00000000f4800000)
  to   space 39936K, 0% used [0x00000000efa00000,0x00000000efa00000,0x00000000f2100000)
 ParOldGen       total 146432K, used 56673K [0x00000000a0000000, 0x00000000a8f00000, 0x00000000e0000000)
  object space 146432K, 38% used [0x00000000a0000000,0x00000000a37586e8,0x00000000a8f00000)
 Metaspace       used 86085K, capacity 89960K, committed 90152K, reserved 1128448K
  class space    used 10996K, capacity 11727K, committed 11824K, reserved 1048576K
}
Event: 1231.504 GC heap before
{Heap before GC invocations=22 (full 3):
 PSYoungGen      total 287744K, used 281413K [0x00000000e0000000, 0x00000000f4800000, 0x0000000100000000)
  eden space 256000K, 100% used [0x00000000e0000000,0x00000000efa00000,0x00000000efa00000)
  from space 31744K, 80% used [0x00000000f2900000,0x00000000f41d1650,0x00000000f4800000)
  to   space 39936K, 0% used [0x00000000efa00000,0x00000000efa00000,0x00000000f2100000)
 ParOldGen       total 146432K, used 56673K [0x00000000a0000000, 0x00000000a8f00000, 0x00000000e0000000)
  object space 146432K, 38% used [0x00000000a0000000,0x00000000a37586e8,0x00000000a8f00000)
 Metaspace       used 86560K, capacity 90508K, committed 90664K, reserved 1128448K
  class space    used 11017K, capacity 11765K, committed 11824K, reserved 1048576K
Event: 1231.569 GC heap after
Heap after GC invocations=22 (full 3):
 PSYoungGen      total 272896K, used 25099K [0x00000000e0000000, 0x00000000f4080000, 0x0000000100000000)
  eden space 247296K, 0% used [0x00000000e0000000,0x00000000e0000000,0x00000000ef180000)
  from space 25600K, 98% used [0x00000000efa00000,0x00000000f1282fb0,0x00000000f1300000)
  to   space 40448K, 0% used [0x00000000f1900000,0x00000000f1900000,0x00000000f4080000)
 ParOldGen       total 146432K, used 56681K [0x00000000a0000000, 0x00000000a8f00000, 0x00000000e0000000)
  object space 146432K, 38% used [0x00000000a0000000,0x00000000a375a6e8,0x00000000a8f00000)
 Metaspace       used 86560K, capacity 90508K, committed 90664K, reserved 1128448K
  class space    used 11017K, capacity 11765K, committed 11824K, reserved 1048576K
}

