# JRE version: OpenJDK Runtime Environment (8.0_152-b01) (build 1.8.0_152-release-1248-b01)
# Java VM: OpenJDK 64-Bit Server VM (25.152-b01 mixed mode windows-amd64 compressed oops)
Heap:
 PSYoungGen      total 110592K, used 11355K [0x00000000e0000000, 0x00000000e8000000, 0x0000000100000000)
  eden space 98304K, 11% used [0x00000000e0000000,0x00000000e0b16f50,0x00000000e6000000)
  from space 12288K, 0% used [0x00000000e6d80000,0x00000000e6d80000,0x00000000e7980000)
  to   space 13824K, 0% used [0x00000000e6000000,0x00000000e6000000,0x00000000e6d80000)
 ParOldGen       total 94208K, used 27141K [0x00000000a0000000, 0x00000000a5c00000, 0x00000000e0000000)
  object space 94208K, 28% used [0x00000000a0000000,0x00000000a1a81510,0x00000000a5c00000)
 Metaspace       used 54249K, capacity 55562K, committed 55680K, reserved 1097728K
  class space    used 7372K, capacity 7736K, committed 7808K, reserved 1048576K
GC Heap History (10 events):
Event: 25.688 GC heap before
{Heap before GC invocations=11 (full 2):
 PSYoungGen      total 90112K, used 9562K [0x00000000e0000000, 0x00000000e7980000, 0x0000000100000000)
  eden space 78336K, 0% used [0x00000000e0000000,0x00000000e0000000,0x00000000e4c80000)
  from space 11776K, 81% used [0x00000000e4c80000,0x00000000e55d6848,0x00000000e5800000)
  to   space 12288K, 0% used [0x00000000e6d80000,0x00000000e6d80000,0x00000000e7980000)
 ParOldGen       total 64000K, used 9495K [0x00000000a0000000, 0x00000000a3e80000, 0x00000000e0000000)
  object space 64000K, 14% used [0x00000000a0000000,0x00000000a0945cd8,0x00000000a3e80000)
 Metaspace       used 34854K, capacity 35464K, committed 35496K, reserved 1079296K
  class space    used 4879K, capacity 5110K, committed 5120K, reserved 1048576K
Event: 25.804 GC heap after
Heap after GC invocations=11 (full 2):
 PSYoungGen      total 90112K, used 0K [0x00000000e0000000, 0x00000000e7980000, 0x0000000100000000)
  eden space 78336K, 0% used [0x00000000e0000000,0x00000000e0000000,0x00000000e4c80000)
  from space 11776K, 0% used [0x00000000e4c80000,0x00000000e4c80000,0x00000000e5800000)
  to   space 12288K, 0% used [0x00000000e6d80000,0x00000000e6d80000,0x00000000e7980000)
 ParOldGen       total 94208K, used 16177K [0x00000000a0000000, 0x00000000a5c00000, 0x00000000e0000000)
  object space 94208K, 17% used [0x00000000a0000000,0x00000000a0fcc538,0x00000000a5c00000)
 Metaspace       used 34854K, capacity 35464K, committed 35496K, reserved 1079296K
  class space    used 4879K, capacity 5110K, committed 5120K, reserved 1048576K
}
Event: 27.406 GC heap before
{Heap before GC invocations=12 (full 2):
 PSYoungGen      total 90112K, used 78336K [0x00000000e0000000, 0x00000000e7980000, 0x0000000100000000)
  eden space 78336K, 100% used [0x00000000e0000000,0x00000000e4c80000,0x00000000e4c80000)
  from space 11776K, 0% used [0x00000000e4c80000,0x00000000e4c80000,0x00000000e5800000)
  to   space 12288K, 0% used [0x00000000e6d80000,0x00000000e6d80000,0x00000000e7980000)
 ParOldGen       total 94208K, used 16177K [0x00000000a0000000, 0x00000000a5c00000, 0x00000000e0000000)
  object space 94208K, 17% used [0x00000000a0000000,0x00000000a0fcc538,0x00000000a5c00000)
 Metaspace       used 42352K, capacity 43138K, committed 43392K, reserved 1087488K
  class space    used 5756K, capacity 6012K, committed 6016K, reserved 1048576K
Event: 27.425 GC heap after
Heap after GC invocations=12 (full 2):
 PSYoungGen      total 110592K, used 12278K [0x00000000e0000000, 0x00000000e8000000, 0x0000000100000000)
  eden space 98304K, 0% used [0x00000000e0000000,0x00000000e0000000,0x00000000e6000000)
  from space 12288K, 99% used [0x00000000e6d80000,0x00000000e797db78,0x00000000e7980000)
  to   space 13824K, 0% used [0x00000000e6000000,0x00000000e6000000,0x00000000e6d80000)
 ParOldGen       total 94208K, used 16375K [0x00000000a0000000, 0x00000000a5c00000, 0x00000000e0000000)
  object space 94208K, 17% used [0x00000000a0000000,0x00000000a0ffdd08,0x00000000a5c00000)
 Metaspace       used 42352K, capacity 43138K, committed 43392K, reserved 1087488K
  class space    used 5756K, capacity 6012K, committed 6016K, reserved 1048576K
}
Event: 29.772 GC heap before
{Heap before GC invocations=13 (full 2):
 PSYoungGen      total 110592K, used 110582K [0x00000000e0000000, 0x00000000e8000000, 0x0000000100000000)
  eden space 98304K, 100% used [0x00000000e0000000,0x00000000e6000000,0x00000000e6000000)
  from space 12288K, 99% used [0x00000000e6d80000,0x00000000e797db78,0x00000000e7980000)
  to   space 13824K, 0% used [0x00000000e6000000,0x00000000e6000000,0x00000000e6d80000)
 ParOldGen       total 94208K, used 16375K [0x00000000a0000000, 0x00000000a5c00000, 0x00000000e0000000)
  object space 94208K, 17% used [0x00000000a0000000,0x00000000a0ffdd08,0x00000000a5c00000)
 Metaspace       used 51843K, capacity 53010K, committed 53248K, reserved 1095680K
  class space    used 7029K, capacity 7392K, committed 7424K, reserved 1048576K
Event: 29.810 GC heap after
Heap after GC invocations=13 (full 2):
 PSYoungGen      total 112128K, used 13792K [0x00000000e0000000, 0x00000000e8000000, 0x0000000100000000)
  eden space 98304K, 0% used [0x00000000e0000000,0x00000000e0000000,0x00000000e6000000)
  from space 13824K, 99% used [0x00000000e6000000,0x00000000e6d78388,0x00000000e6d80000)
  to   space 12288K, 0% used [0x00000000e6d80000,0x00000000e6d80000,0x00000000e7980000)
 ParOldGen       total 94208K, used 19058K [0x00000000a0000000, 0x00000000a5c00000, 0x00000000e0000000)
  object space 94208K, 20% used [0x00000000a0000000,0x00000000a129c968,0x00000000a5c00000)
 Metaspace       used 51843K, capacity 53010K, committed 53248K, reserved 1095680K
  class space    used 7029K, capacity 7392K, committed 7424K, reserved 1048576K
}
Event: 30.061 GC heap before
{Heap before GC invocations=14 (full 2):
 PSYoungGen      total 112128K, used 36562K [0x00000000e0000000, 0x00000000e8000000, 0x0000000100000000)
  eden space 98304K, 23% used [0x00000000e0000000,0x00000000e163c660,0x00000000e6000000)
  from space 13824K, 99% used [0x00000000e6000000,0x00000000e6d78388,0x00000000e6d80000)
  to   space 12288K, 0% used [0x00000000e6d80000,0x00000000e6d80000,0x00000000e7980000)
 ParOldGen       total 94208K, used 19058K [0x00000000a0000000, 0x00000000a5c00000, 0x00000000e0000000)
  object space 94208K, 20% used [0x00000000a0000000,0x00000000a129c968,0x00000000a5c00000)
 Metaspace       used 53223K, capacity 54386K, committed 54400K, reserved 1099776K
  class space    used 7199K, capacity 7552K, committed 7552K, reserved 1048576K
Event: 30.078 GC heap after
Heap after GC invocations=14 (full 2):
 PSYoungGen      total 110592K, used 12264K [0x00000000e0000000, 0x00000000e8000000, 0x0000000100000000)
  eden space 98304K, 0% used [0x00000000e0000000,0x00000000e0000000,0x00000000e6000000)
  from space 12288K, 99% used [0x00000000e6d80000,0x00000000e797a368,0x00000000e7980000)
  to   space 13824K, 0% used [0x00000000e6000000,0x00000000e6000000,0x00000000e6d80000)
 ParOldGen       total 94208K, used 20003K [0x00000000a0000000, 0x00000000a5c00000, 0x00000000e0000000)
  object space 94208K, 21% used [0x00000000a0000000,0x00000000a1388f40,0x00000000a5c00000)
 Metaspace       used 53223K, capacity 54386K, committed 54400K, reserved 1099776K
  class space    used 7199K, capacity 7552K, committed 7552K, reserved 1048576K
}
Event: 30.079 GC heap before
{Heap before GC invocations=15 (full 3):
 PSYoungGen      total 110592K, used 12264K [0x00000000e0000000, 0x00000000e8000000, 0x0000000100000000)
  eden space 98304K, 0% used [0x00000000e0000000,0x00000000e0000000,0x00000000e6000000)
  from space 12288K, 99% used [0x00000000e6d80000,0x00000000e797a368,0x00000000e7980000)
  to   space 13824K, 0% used [0x00000000e6000000,0x00000000e6000000,0x00000000e6d80000)
 ParOldGen       total 94208K, used 20003K [0x00000000a0000000, 0x00000000a5c00000, 0x00000000e0000000)
  object space 94208K, 21% used [0x00000000a0000000,0x00000000a1388f40,0x00000000a5c00000)
 Metaspace       used 53223K, capacity 54386K, committed 54400K, reserved 1099776K
  class space    used 7199K, capacity 7552K, committed 7552K, reserved 1048576K
Event: 30.400 GC heap after
Heap after GC invocations=15 (full 3):
 PSYoungGen      total 110592K, used 0K [0x00000000e0000000, 0x00000000e8000000, 0x0000000100000000)
  eden space 98304K, 0% used [0x00000000e0000000,0x00000000e0000000,0x00000000e6000000)
  from space 12288K, 0% used [0x00000000e6d80000,0x00000000e6d80000,0x00000000e7980000)
  to   space 13824K, 0% used [0x00000000e6000000,0x00000000e6000000,0x00000000e6d80000)
 ParOldGen       total 94208K, used 27141K [0x00000000a0000000, 0x00000000a5c00000, 0x00000000e0000000)
  object space 94208K, 28% used [0x00000000a0000000,0x00000000a1a81510,0x00000000a5c00000)
 Metaspace       used 53223K, capacity 54386K, committed 54400K, reserved 1097728K
  class space    used 7199K, capacity 7552K, committed 7552K, reserved 1048576K
}

